<?xml version="1.0" encoding="UTF-8"?>
<testng-results skipped="0" failed="0" ignored="0" total="1" passed="1">
  <reporter-output>
  </reporter-output>
  <suite name="AcurusResume" duration-ms="7677" started-at="2020-12-07T02:29:16 PST" finished-at="2020-12-07T02:29:24 PST">
    <groups>
      <group name="cucumber">
        <method signature="AbstractTestNGCucumberTests.runScenario(io.cucumber.testng.PickleWrapper, io.cucumber.testng.FeatureWrapper)[pri:0, instance:Runner.RunnerClass@176b067]" name="runScenario" class="io.cucumber.testng.AbstractTestNGCucumberTests"/>
      </group> <!-- cucumber -->
    </groups>
    <test name="ResumeTrackerCucumber" duration-ms="7677" started-at="2020-12-07T02:29:16 PST" finished-at="2020-12-07T02:29:24 PST">
      <class name="Runner.RunnerClass">
        <test-method status="PASS" signature="setUpClass()[pri:0, instance:Runner.RunnerClass@176b067]" name="setUpClass" is-config="true" duration-ms="232" started-at="2020-12-07T02:29:16 PST" finished-at="2020-12-07T02:29:17 PST">
          <reporter-output>
          </reporter-output>
        </test-method> <!-- setUpClass -->
        <test-method status="PASS" signature="runScenario(io.cucumber.testng.PickleWrapper, io.cucumber.testng.FeatureWrapper)[pri:0, instance:Runner.RunnerClass@176b067]" name="runScenario" duration-ms="7186" started-at="2020-12-07T02:29:17 PST" description="Runs Cucumber Scenarios" data-provider="scenarios" finished-at="2020-12-07T02:29:24 PST">
          <params>
            <param index="0">
              <value>
                <![CDATA["Login Data"]]>
              </value>
            </param>
            <param index="1">
              <value>
                <![CDATA["Check Login Functionality"]]>
              </value>
            </param>
          </params>
          <reporter-output>
          </reporter-output>
        </test-method> <!-- runScenario -->
        <test-method status="PASS" signature="tearDownClass()[pri:0, instance:Runner.RunnerClass@176b067]" name="tearDownClass" is-config="true" duration-ms="76" started-at="2020-12-07T02:29:24 PST" finished-at="2020-12-07T02:29:24 PST">
          <reporter-output>
          </reporter-output>
        </test-method> <!-- tearDownClass -->
      </class> <!-- Runner.RunnerClass -->
    </test> <!-- ResumeTrackerCucumber -->
  </suite> <!-- AcurusResume -->
</testng-results>
